<?xml version="1.0" encoding="UTF-8"?>
<!-- Generated by org.testng.reporters.JUnitXMLReporter -->
<testsuite ignored="0" hostname="EPINPUNW04EC" failures="0" tests="6" name="Command line test" time="7.365" errors="0" timestamp="2025-02-25T00:09:43 IST">
  <testcase classname="APITesting.SpecBuilderTest" name="addPlace" time="2.107"/>
  <testcase classname="E2ERestAssuredTest.E2EApiTest" name="login" time="0.287"/>
  <testcase classname="E2ERestAssuredTest.E2EApiTest" name="createProduct" time="0.617"/>
  <testcase classname="E2ERestAssuredTest.E2EApiTest" name="createOrder" time="1.13"/>
  <testcase classname="E2ERestAssuredTest.E2EApiTest" name="viewOrder" time="3.088"/>
  <testcase classname="E2ERestAssuredTest.E2EApiTest" name="deleteOrder" time="0.092"/>
</testsuite> <!-- Command line test -->
