<?xml version="1.0" encoding="UTF-8"?>
<!-- Generated by org.testng.reporters.JUnitXMLReporter -->
<testsuite ignored="0" hostname="EPINPUNW04EC" failures="0" tests="6" name="Command line test" time="10.497" errors="0" timestamp="2025-02-24T18:11:37 IST">
  <testcase classname="APITesting.SpecBuilderTest" name="addPlace" time="5.612"/>
  <testcase classname="E2ERestAssuredTest.E2EApiTest" name="login" time="0.506"/>
  <testcase classname="E2ERestAssuredTest.E2EApiTest" name="createProduct" time="0.847"/>
  <testcase classname="E2ERestAssuredTest.E2EApiTest" name="createOrder" time="0.222"/>
  <testcase classname="E2ERestAssuredTest.E2EApiTest" name="viewOrder" time="3.122"/>
  <testcase classname="E2ERestAssuredTest.E2EApiTest" name="deleteOrder" time="0.117"/>
</testsuite> <!-- Command line test -->
