<?xml version="1.0" encoding="UTF-8" ?>
<testsuite tests="6" failures="0" name="TestSuite" time="7.315" errors="0" skipped="0">
  <properties>
[...]
</properties>
  <testcase classname="APITesting.SpecBuilderTest" name="addPlace" time="2.109"/>
  <testcase classname="E2ERestAssuredTest.E2EApiTest" name="login" time="0.287"/>
  <testcase classname="E2ERestAssuredTest.E2EApiTest" name="createProduct" time="0.617"/>
  <testcase classname="E2ERestAssuredTest.E2EApiTest" name="createOrder" time="1.12"/>
  <testcase classname="E2ERestAssuredTest.E2EApiTest" name="viewOrder" time="3.089"/>
  <testcase classname="E2ERestAssuredTest.E2EApiTest" name="deleteOrder" time="0.093"/>
</testsuite>