<?xml version="1.0" encoding="UTF-8"?>
<testng-results ignored="0" total="6" passed="6" failed="0" skipped="0">
  <reporter-output>
  </reporter-output>
  <suite started-at="2025-02-24T18:11:27 IST" name="Command line suite" finished-at="2025-02-24T18:11:37 IST" duration-ms="10497">
    <groups>
    </groups>
    <test started-at="2025-02-24T18:11:27 IST" name="Command line test" finished-at="2025-02-24T18:11:37 IST" duration-ms="10497">
      <class name="E2ERestAssuredTest.E2EApiTest">
        <test-method signature="login()[pri:0, instance:E2ERestAssuredTest.E2EApiTest@2aa5fe93]" started-at="2025-02-24T18:11:32 IST" name="login" finished-at="2025-02-24T18:11:33 IST" duration-ms="506" status="PASS">
          <reporter-output>
          </reporter-output>
        </test-method> <!-- login -->
        <test-method signature="createProduct()[pri:0, instance:E2ERestAssuredTest.E2EApiTest@2aa5fe93]" started-at="2025-02-24T18:11:33 IST" name="createProduct" finished-at="2025-02-24T18:11:34 IST" depends-on-methods="E2ERestAssuredTest.E2EApiTest.login" duration-ms="847" status="PASS">
          <reporter-output>
          </reporter-output>
        </test-method> <!-- createProduct -->
        <test-method signature="createOrder()[pri:0, instance:E2ERestAssuredTest.E2EApiTest@2aa5fe93]" started-at="2025-02-24T18:11:34 IST" name="createOrder" finished-at="2025-02-24T18:11:34 IST" depends-on-methods="E2ERestAssuredTest.E2EApiTest.createProduct" duration-ms="222" status="PASS">
          <reporter-output>
          </reporter-output>
        </test-method> <!-- createOrder -->
        <test-method signature="viewOrder()[pri:0, instance:E2ERestAssuredTest.E2EApiTest@2aa5fe93]" started-at="2025-02-24T18:11:34 IST" name="viewOrder" finished-at="2025-02-24T18:11:37 IST" depends-on-methods="E2ERestAssuredTest.E2EApiTest.createOrder" duration-ms="3122" status="PASS">
          <reporter-output>
          </reporter-output>
        </test-method> <!-- viewOrder -->
        <test-method signature="deleteOrder()[pri:0, instance:E2ERestAssuredTest.E2EApiTest@2aa5fe93]" started-at="2025-02-24T18:11:37 IST" name="deleteOrder" finished-at="2025-02-24T18:11:37 IST" depends-on-methods="E2ERestAssuredTest.E2EApiTest.viewOrder" duration-ms="117" status="PASS">
          <reporter-output>
          </reporter-output>
        </test-method> <!-- deleteOrder -->
      </class> <!-- E2ERestAssuredTest.E2EApiTest -->
      <class name="APITesting.SpecBuilderTest">
        <test-method signature="addPlace()[pri:0, instance:APITesting.SpecBuilderTest@6f3b5d16]" started-at="2025-02-24T18:11:27 IST" name="addPlace" finished-at="2025-02-24T18:11:32 IST" duration-ms="5612" status="PASS">
          <reporter-output>
          </reporter-output>
        </test-method> <!-- addPlace -->
      </class> <!-- APITesting.SpecBuilderTest -->
    </test> <!-- Command line test -->
  </suite> <!-- Command line suite -->
</testng-results>
