<?xml version="1.0" encoding="UTF-8"?>
<!-- Generated by org.testng.reporters.JUnitReportReporter -->
<testsuite hostname="EPINPUNW04EC" failures="0" tests="5" name="E2ERestAssuredTest.E2EApiTest" time="5.214" errors="0" timestamp="2025-02-25T00:09:43 IST" skipped="0">
  <testcase classname="E2ERestAssuredTest.E2EApiTest" name="createOrder" time="1.130"/>
  <testcase classname="E2ERestAssuredTest.E2EApiTest" name="login" time="0.287"/>
  <testcase classname="E2ERestAssuredTest.E2EApiTest" name="createProduct" time="0.617"/>
  <testcase classname="E2ERestAssuredTest.E2EApiTest" name="viewOrder" time="3.088"/>
  <testcase classname="E2ERestAssuredTest.E2EApiTest" name="deleteOrder" time="0.092"/>
</testsuite> <!-- E2ERestAssuredTest.E2EApiTest -->
