<?xml version="1.0" encoding="UTF-8"?>
<!-- Generated by org.testng.reporters.JUnitReportReporter -->
<testsuite hostname="EPINPUNW04EC" failures="0" tests="5" name="E2ERestAssuredTest.E2EApiTest" time="4.814" errors="0" timestamp="2025-02-24T18:11:37 IST" skipped="0">
  <testcase classname="E2ERestAssuredTest.E2EApiTest" name="createOrder" time="0.222"/>
  <testcase classname="E2ERestAssuredTest.E2EApiTest" name="createProduct" time="0.847"/>
  <testcase classname="E2ERestAssuredTest.E2EApiTest" name="login" time="0.506"/>
  <testcase classname="E2ERestAssuredTest.E2EApiTest" name="viewOrder" time="3.122"/>
  <testcase classname="E2ERestAssuredTest.E2EApiTest" name="deleteOrder" time="0.117"/>
</testsuite> <!-- E2ERestAssuredTest.E2EApiTest -->
